<?xml version="1.0" encoding="UTF-8"?>
<Site BuildName="Linux-c++"
	BuildStamp="20240603-1017-Experimental"
	Name="robbie-Inspiron-5406-2n1"
	Generator="ctest-3.22.1"
	CompilerName="/usr/bin/c++"
	CompilerVersion="9.4.0"
	OSName="Linux"
	Hostname="robbie-Inspiron-5406-2n1"
	OSRelease="5.15.0-107-generic"
	OSVersion="#117~20.04.1-Ubuntu SMP Tue Apr 30 10:35:57 UTC 2024"
	OSPlatform="x86_64"
	Is64Bits="1"
	VendorString="GenuineIntel"
	VendorID="Intel Corporation"
	FamilyID="6"
	ModelID="140"
	ProcessorCacheSize="12288"
	NumberOfLogicalCPU="8"
	NumberOfPhysicalCPU="4"
	TotalVirtualMemory="2047"
	TotalPhysicalMemory="15717"
	LogicalProcessorsPerPhysical="2"
	ProcessorClockFrequency="2659.65"
	>
	<Testing>
		<StartDateTime>Jun 03 20:29 AEST</StartDateTime>
		<StartTestTime>1717410541</StartTestTime>
		<TestList/>
		<EndDateTime>Jun 03 20:29 AEST</EndDateTime>
		<EndTestTime>1717410541</EndTestTime>
		<ElapsedMinutes>0</ElapsedMinutes>
	</Testing>
</Site>
